<?xml version="1.0" encoding="utf-8"?><testsuites name="pytest tests"><testsuite name="pytest" errors="0" failures="0" skipped="0" tests="10" time="120.002" timestamp="2026-03-10T18:01:32.871278+00:00" hostname="agent-env-b669bf62-e3d9-42e4-9b73-04e11b0333a7"><testcase classname="tests.test_professional_effects.TestAppleStyleTextAnimation" name="test_generate_apple_style_text_video" time="17.745" /><testcase classname="tests.test_professional_effects.TestAppleStyleTextAnimation" name="test_generate_explicit_apple_text_format" time="17.080" /><testcase classname="tests.test_professional_effects.TestLogoAnimation" name="test_generate_logo_animation_with_upload" time="50.106" /><testcase classname="tests.test_professional_effects.TestLogoAnimation" name="test_generate_logo_animation_without_logo" time="0.105" /><testcase classname="tests.test_professional_effects.TestGradientTextAnimation" name="test_generate_gradient_text_video" time="1.800" /><testcase classname="tests.test_professional_effects.TestVideoFileAccess" name="test_access_existing_video_file" time="23.193" /><testcase classname="tests.test_professional_effects.TestVideoFileAccess" name="test_access_test_logo" time="8.791" /><testcase classname="tests.test_professional_effects.TestFileUpload" name="test_upload_image_file" time="0.300" /><testcase classname="tests.test_professional_effects.TestVideoFormats" name="test_formats_include_professional_effects" time="0.398" /><testcase classname="tests.test_professional_effects.TestVideoFormats" name="test_logo_animation_format_details" time="0.381" /></testsuite></testsuites>