<?xml version="1.0" encoding="utf-8"?><testsuites name="pytest tests"><testsuite name="pytest" errors="0" failures="2" skipped="0" tests="15" time="237.553" timestamp="2026-03-04T17:07:51.687648+00:00" hostname="agent-env-b669bf62-e3d9-42e4-9b73-04e11b0333a7"><testcase classname="backend.tests.test_video_api.TestHealthAndFormats" name="test_api_root" time="60.249"><failure message="assert 502 == 200&#10; +  where 502 = &lt;Response [502]&gt;.status_code">backend/tests/test_video_api.py:18: in test_api_root
    assert response.status_code == 200
E   assert 502 == 200
E    +  where 502 = &lt;Response [502]&gt;.status_code</failure></testcase><testcase classname="backend.tests.test_video_api.TestHealthAndFormats" name="test_get_formats" time="60.282"><failure message="assert 502 == 200&#10; +  where 502 = &lt;Response [502]&gt;.status_code">backend/tests/test_video_api.py:27: in test_get_formats
    assert response.status_code == 200
E   assert 502 == 200
E    +  where 502 = &lt;Response [502]&gt;.status_code</failure></testcase><testcase classname="backend.tests.test_video_api.TestHealthAndFormats" name="test_get_character_types" time="5.580" /><testcase classname="backend.tests.test_video_api.TestHealthAndFormats" name="test_get_gameplay_types" time="0.188" /><testcase classname="backend.tests.test_video_api.TestVideoGeneration" name="test_generate_video_with_auto_detection" time="18.880" /><testcase classname="backend.tests.test_video_api.TestVideoGeneration" name="test_generate_video_with_chat_animation_format" time="0.186" /><testcase classname="backend.tests.test_video_api.TestVideoGeneration" name="test_generate_video_with_news_format" time="13.151" /><testcase classname="backend.tests.test_video_api.TestExistingVideo" name="test_get_existing_completed_video" time="7.863" /><testcase classname="backend.tests.test_video_api.TestExistingVideo" name="test_get_nonexistent_video" time="42.953" /><testcase classname="backend.tests.test_video_api.TestExistingVideo" name="test_get_all_videos" time="8.630" /><testcase classname="backend.tests.test_video_api.TestUploads" name="test_get_existing_poster" time="0.207" /><testcase classname="backend.tests.test_video_api.TestUploads" name="test_get_existing_video_file" time="0.395" /><testcase classname="backend.tests.test_video_api.TestUploads" name="test_get_nonexistent_upload" time="0.368" /><testcase classname="backend.tests.test_video_api.TestAutoDetection" name="test_auto_detect_chat_format_ru" time="18.342" /><testcase classname="backend.tests.test_video_api.TestAutoDetection" name="test_auto_detect_news_format" time="0.177" /></testsuite></testsuites>