<?xml version="1.0" encoding="utf-8"?><testsuites name="pytest tests"><testsuite name="pytest" errors="0" failures="0" skipped="0" tests="11" time="157.875" timestamp="2026-03-14T09:35:17.751971+00:00" hostname="agent-env-b669bf62-e3d9-42e4-9b73-04e11b0333a7"><testcase classname="tests.test_device_mockup.TestDeviceMockupAPI" name="test_api_health_check" time="0.141" /><testcase classname="tests.test_device_mockup.TestDeviceMockupAPI" name="test_upload_video_for_mockup" time="0.257" /><testcase classname="tests.test_device_mockup.TestDeviceMockupAPI" name="test_device_mockup_create_float_animation" time="52.770" /><testcase classname="tests.test_device_mockup.TestDeviceMockupAPI" name="test_device_mockup_create_cinematic_animation" time="52.315" /><testcase classname="tests.test_device_mockup.TestDeviceMockupAPI" name="test_device_mockup_phone_text_layout" time="51.982" /><testcase classname="tests.test_device_mockup.TestDeviceMockupAPI" name="test_invalid_video_url_rejected" time="0.113" /><testcase classname="tests.test_device_mockup.TestDeviceMockupAPI" name="test_nonexistent_video_rejected" time="0.107" /><testcase classname="tests.test_device_mockup.TestIPhoneCompositorV6" name="test_compositor_module_imports" time="0.130" /><testcase classname="tests.test_device_mockup.TestIPhoneCompositorV6" name="test_phone_scale_parameter" time="0.000" /><testcase classname="tests.test_device_mockup.TestIPhoneCompositorV6" name="test_rotation_range" time="0.000" /><testcase classname="tests.test_device_mockup.TestIPhoneCompositorV6" name="test_3d_perspective_transform" time="0.009" /></testsuite></testsuites>