<?xml version="1.0" encoding="utf-8"?><testsuites name="pytest tests"><testsuite name="pytest" errors="0" failures="3" skipped="0" tests="15" time="292.461" timestamp="2026-03-09T15:12:57.263527+00:00" hostname="agent-env-b669bf62-e3d9-42e4-9b73-04e11b0333a7"><testcase classname="backend.tests.test_video_api.TestHealthAndFormats" name="test_api_root" time="0.166" /><testcase classname="backend.tests.test_video_api.TestHealthAndFormats" name="test_get_formats" time="0.114"><failure message="AssertionError: assert 16 == 10&#10; +  where 16 = len([{'category': 'informational', 'description': 'Breaking news style with dynamic images', 'description_ru': 'Новостной стиль с динамичными изображениями', 'icon': 'Newspaper', ...}, {'category': 'entertainment', 'description': 'Cinematic storytelling format', 'description_ru': 'Кинематографический формат истории', 'icon': 'BookOpen', ...}, {'category': 'entertainment', 'description': 'Interactive quiz style content', 'description_ru': 'Интерактивный контент в стиле викторины', 'icon': 'HelpCircle', ...}, {'category': 'entertainment', 'description': 'Viral meme compilation style', 'description_ru': 'Вирусные мемы и подборки', 'icon': 'Smile', ...}, {'category': 'informational', 'description': 'Learn something new', 'description_ru': 'Узнайте что-то новое', 'icon': 'GraduationCap', ...}, {'category': 'commercial', 'description': 'Product showcase and review', 'description_ru': 'Обзор и демонстрация продуктов', 'icon': 'ShoppingBag', ...}, ...])">backend/tests/test_video_api.py:38: in test_get_formats
    assert len(formats) == 10
E   AssertionError: assert 16 == 10
E    +  where 16 = len([{'category': 'informational', 'description': 'Breaking news style with dynamic images', 'description_ru': 'Новостной стиль с динамичными изображениями', 'icon': 'Newspaper', ...}, {'category': 'entertainment', 'description': 'Cinematic storytelling format', 'description_ru': 'Кинематографический формат истории', 'icon': 'BookOpen', ...}, {'category': 'entertainment', 'description': 'Interactive quiz style content', 'description_ru': 'Интерактивный контент в стиле викторины', 'icon': 'HelpCircle', ...}, {'category': 'entertainment', 'description': 'Viral meme compilation style', 'description_ru': 'Вирусные мемы и подборки', 'icon': 'Smile', ...}, {'category': 'informational', 'description': 'Learn something new', 'description_ru': 'Узнайте что-то новое', 'icon': 'GraduationCap', ...}, {'category': 'commercial', 'description': 'Product showcase and review', 'description_ru': 'Обзор и демонстрация продуктов', 'icon': 'ShoppingBag', ...}, ...])</failure></testcase><testcase classname="backend.tests.test_video_api.TestHealthAndFormats" name="test_get_character_types" time="0.131" /><testcase classname="backend.tests.test_video_api.TestHealthAndFormats" name="test_get_gameplay_types" time="0.128" /><testcase classname="backend.tests.test_video_api.TestVideoGeneration" name="test_generate_video_with_auto_detection" time="11.701" /><testcase classname="backend.tests.test_video_api.TestVideoGeneration" name="test_generate_video_with_chat_animation_format" time="53.013" /><testcase classname="backend.tests.test_video_api.TestVideoGeneration" name="test_generate_video_with_news_format" time="8.602" /><testcase classname="backend.tests.test_video_api.TestExistingVideo" name="test_get_existing_completed_video" time="60.482"><failure message="assert 502 == 200&#10; +  where 502 = &lt;Response [502]&gt;.status_code">backend/tests/test_video_api.py:159: in test_get_existing_completed_video
    assert response.status_code == 200
E   assert 502 == 200
E    +  where 502 = &lt;Response [502]&gt;.status_code</failure></testcase><testcase classname="backend.tests.test_video_api.TestExistingVideo" name="test_get_nonexistent_video" time="23.647" /><testcase classname="backend.tests.test_video_api.TestExistingVideo" name="test_get_all_videos" time="58.108" /><testcase classname="backend.tests.test_video_api.TestUploads" name="test_get_existing_poster" time="0.352" /><testcase classname="backend.tests.test_video_api.TestUploads" name="test_get_existing_video_file" time="0.306" /><testcase classname="backend.tests.test_video_api.TestUploads" name="test_get_nonexistent_upload" time="0.393" /><testcase classname="backend.tests.test_video_api.TestAutoDetection" name="test_auto_detect_chat_format_ru" time="14.687" /><testcase classname="backend.tests.test_video_api.TestAutoDetection" name="test_auto_detect_news_format" time="60.519"><failure message="assert 502 == 200&#10; +  where 502 = &lt;Response [502]&gt;.status_code">backend/tests/test_video_api.py:279: in test_auto_detect_news_format
    assert response.status_code == 200
E   assert 502 == 200
E    +  where 502 = &lt;Response [502]&gt;.status_code</failure></testcase></testsuite></testsuites>