<?xml version="1.0" encoding="utf-8"?><testsuites name="pytest tests"><testsuite name="pytest" errors="0" failures="0" skipped="0" tests="7" time="3.450" timestamp="2026-03-14T14:14:55.601735+00:00" hostname="agent-env-b669bf62-e3d9-42e4-9b73-04e11b0333a7"><testcase classname="tests.test_device_mockup_v8.TestIPhoneCompositorV8" name="test_compositor_v8_imports" time="0.118" /><testcase classname="tests.test_device_mockup_v8.TestIPhoneCompositorV8" name="test_render_dynamic_phone_parameters" time="0.000" /><testcase classname="tests.test_device_mockup_v8.TestIPhoneCompositorV8" name="test_camera_animation_parameters" time="0.000" /><testcase classname="tests.test_device_mockup_v8.TestIPhoneCompositorV8" name="test_render_simple_frame" time="0.432" /><testcase classname="tests.test_device_mockup_v8.TestIPhoneCompositorV8" name="test_float_animation_frame" time="0.424" /><testcase classname="tests.test_device_mockup_v8.TestIPhoneCompositorV8" name="test_landscape_output_size" time="0.411" /><testcase classname="tests.test_device_mockup_v8.TestIPhoneCompositorV8" name="test_phone_always_visible_margins" time="2.017" /></testsuite></testsuites>